<?xml version="1.0" encoding="UTF-8"?>
<testng-results skipped="0" failed="1" ignored="2" total="13" passed="10">
  <reporter-output>
  </reporter-output>
  <suite name="Suite" duration-ms="294422" started-at="2020-12-01T12:11:39 PKT" finished-at="2020-12-01T12:16:33 PKT">
    <groups>
    </groups>
    <test name="Emerald Complete Testing Flow" duration-ms="10" started-at="2020-12-01T12:11:39 PKT" finished-at="2020-12-01T12:11:39 PKT">
    </test> <!-- Emerald Complete Testing Flow -->
    <test name="New.test.Project" duration-ms="294386" started-at="2020-12-01T12:11:39 PKT" finished-at="2020-12-01T12:16:33 PKT">
      <class name="com.em.common.BrowsersFactory">
        <test-method status="PASS" signature="startBrowser(java.lang.String)[pri:0, instance:com.em.common.BrowsersFactory@32a068d1]" name="startBrowser" is-config="true" duration-ms="6320" started-at="2020-12-01T12:11:39 PKT" finished-at="2020-12-01T12:11:45 PKT">
          <params>
            <param index="0">
              <value>
                <![CDATA[chrome]]>
              </value>
            </param>
          </params>
          <reporter-output>
          </reporter-output>
        </test-method> <!-- startBrowser -->
        <test-method status="PASS" signature="afterMethod()[pri:0, instance:com.em.common.BrowsersFactory@32a068d1]" name="afterMethod" is-config="true" duration-ms="0" started-at="2020-12-01T12:16:33 PKT" finished-at="2020-12-01T12:16:33 PKT">
          <reporter-output>
          </reporter-output>
        </test-method> <!-- afterMethod -->
      </class> <!-- com.em.common.BrowsersFactory -->
      <class name="com.em.testcases.LoginPage_TestCases">
        <test-method status="PASS" signature="Emerald_Lunched(java.lang.String, java.lang.String)[pri:1, instance:com.em.testcases.LoginPage_TestCases@33cb5951]" name="Emerald_Lunched" duration-ms="5208" started-at="2020-12-01T12:11:45 PKT" finished-at="2020-12-01T12:11:51 PKT">
          <params>
            <param index="0">
              <value>
                <![CDATA[https://emeralddev.cubefunder.com/]]>
              </value>
            </param>
            <param index="1">
              <value>
                <![CDATA[Emerald | Login]]>
              </value>
            </param>
          </params>
          <reporter-output>
          </reporter-output>
        </test-method> <!-- Emerald_Lunched -->
        <test-method status="PASS" signature="Test_Login_Logo_Text_isPresent()[pri:2, instance:com.em.testcases.LoginPage_TestCases@33cb5951]" name="Test_Login_Logo_Text_isPresent" duration-ms="127" started-at="2020-12-01T12:11:51 PKT" finished-at="2020-12-01T12:11:51 PKT">
          <reporter-output>
          </reporter-output>
        </test-method> <!-- Test_Login_Logo_Text_isPresent -->
        <test-method status="PASS" signature="Test_Username_Text_isPresent()[pri:3, instance:com.em.testcases.LoginPage_TestCases@33cb5951]" name="Test_Username_Text_isPresent" duration-ms="71" started-at="2020-12-01T12:11:51 PKT" finished-at="2020-12-01T12:11:51 PKT">
          <reporter-output>
          </reporter-output>
        </test-method> <!-- Test_Username_Text_isPresent -->
        <test-method status="PASS" signature="Test_Password_Text_isPresent()[pri:4, instance:com.em.testcases.LoginPage_TestCases@33cb5951]" name="Test_Password_Text_isPresent" duration-ms="55" started-at="2020-12-01T12:11:51 PKT" finished-at="2020-12-01T12:11:51 PKT">
          <reporter-output>
          </reporter-output>
        </test-method> <!-- Test_Password_Text_isPresent -->
        <test-method status="PASS" signature="Click_LoginButton_without_usernamePaswword(java.lang.String, java.lang.String)[pri:5, instance:com.em.testcases.LoginPage_TestCases@33cb5951]" name="Click_LoginButton_without_usernamePaswword" duration-ms="6600" started-at="2020-12-01T12:11:51 PKT" finished-at="2020-12-01T12:11:57 PKT">
          <params>
            <param index="0">
              <value>
                <![CDATA[User name field is required]]>
              </value>
            </param>
            <param index="1">
              <value>
                <![CDATA[Password field is required]]>
              </value>
            </param>
          </params>
          <reporter-output>
          </reporter-output>
        </test-method> <!-- Click_LoginButton_without_usernamePaswword -->
        <test-method status="PASS" signature="Test_LoginButton(java.lang.String)[pri:6, instance:com.em.testcases.LoginPage_TestCases@33cb5951]" name="Test_LoginButton" duration-ms="54" started-at="2020-12-01T12:11:57 PKT" finished-at="2020-12-01T12:11:57 PKT">
          <params>
            <param index="0">
              <value>
                <![CDATA[Log In]]>
              </value>
            </param>
          </params>
          <reporter-output>
          </reporter-output>
        </test-method> <!-- Test_LoginButton -->
        <test-method status="PASS" signature="Test_Show_Hide_PasswordButton(java.lang.String)[pri:7, instance:com.em.testcases.LoginPage_TestCases@33cb5951]" name="Test_Show_Hide_PasswordButton" duration-ms="549" started-at="2020-12-01T12:11:57 PKT" finished-at="2020-12-01T12:11:58 PKT">
          <params>
            <param index="0">
              <value>
                <![CDATA[Us@12e34]]>
              </value>
            </param>
          </params>
          <reporter-output>
          </reporter-output>
        </test-method> <!-- Test_Show_Hide_PasswordButton -->
        <test-method status="PASS" signature="Test_login_without_Username(java.lang.String, java.lang.String)[pri:8, instance:com.em.testcases.LoginPage_TestCases@33cb5951]" name="Test_login_without_Username" duration-ms="5267" started-at="2020-12-01T12:11:58 PKT" finished-at="2020-12-01T12:12:03 PKT">
          <params>
            <param index="0">
              <value>
                <![CDATA[Us@12e34]]>
              </value>
            </param>
            <param index="1">
              <value>
                <![CDATA[User name field is required]]>
              </value>
            </param>
          </params>
          <reporter-output>
          </reporter-output>
        </test-method> <!-- Test_login_without_Username -->
        <test-method status="PASS" signature="Test_login_without_Password(java.lang.String, java.lang.String)[pri:9, instance:com.em.testcases.LoginPage_TestCases@33cb5951]" name="Test_login_without_Password" duration-ms="5233" started-at="2020-12-01T12:12:03 PKT" finished-at="2020-12-01T12:12:09 PKT">
          <params>
            <param index="0">
              <value>
                <![CDATA[zulfiqar]]>
              </value>
            </param>
            <param index="1">
              <value>
                <![CDATA[Password field is required]]>
              </value>
            </param>
          </params>
          <reporter-output>
          </reporter-output>
        </test-method> <!-- Test_login_without_Password -->
        <test-method status="FAIL" signature="Test_for_Invalid_login(java.lang.String, java.lang.String)[pri:10, instance:com.em.testcases.LoginPage_TestCases@33cb5951]" name="Test_for_Invalid_login" duration-ms="242144" started-at="2020-12-01T12:12:09 PKT" finished-at="2020-12-01T12:16:11 PKT">
          <params>
            <param index="0">
              <value>
                <![CDATA[Abcd123456]]>
              </value>
            </param>
            <param index="1">
              <value>
                <![CDATA[123456Abcdef]]>
              </value>
            </param>
          </params>
          <exception class="org.openqa.selenium.TimeoutException">
            <message>
              <![CDATA[Expected condition failed: waiting for visibility of Proxy element for: DefaultElementLocator 'By.xpath: //div[@class='ToastDiv']/h5' (tried for 120 second(s) with 500 milliseconds interval)]]>
            </message>
            <full-stacktrace>
              <![CDATA[org.openqa.selenium.TimeoutException: Expected condition failed: waiting for visibility of Proxy element for: DefaultElementLocator 'By.xpath: //div[@class='ToastDiv']/h5' (tried for 120 second(s) with 500 milliseconds interval)
at org.openqa.selenium.support.ui.WebDriverWait.timeoutException(WebDriverWait.java:95)
at org.openqa.selenium.support.ui.FluentWait.until(FluentWait.java:272)
at com.em.common.HelperMethods.presenceOfElement(HelperMethods.java:81)
at com.em.locators.LoginPage_Locators.getToasterErrormessage(LoginPage_Locators.java:130)
at com.em.testcases.LoginPage_TestCases.Test_for_Invalid_login(LoginPage_TestCases.java:130)
at sun.reflect.NativeMethodAccessorImpl.invoke0(Native Method)
at sun.reflect.NativeMethodAccessorImpl.invoke(NativeMethodAccessorImpl.java:62)
at sun.reflect.DelegatingMethodAccessorImpl.invoke(DelegatingMethodAccessorImpl.java:43)
at java.lang.reflect.Method.invoke(Method.java:498)
at org.testng.internal.MethodInvocationHelper.invokeMethod(MethodInvocationHelper.java:133)
at org.testng.internal.TestInvoker.invokeMethod(TestInvoker.java:584)
at org.testng.internal.TestInvoker.invokeTestMethod(TestInvoker.java:172)
at org.testng.internal.MethodRunner.runInSequence(MethodRunner.java:46)
at org.testng.internal.TestInvoker$MethodInvocationAgent.invoke(TestInvoker.java:804)
at org.testng.internal.TestInvoker.invokeTestMethods(TestInvoker.java:145)
at org.testng.internal.TestMethodWorker.invokeTestMethods(TestMethodWorker.java:146)
at org.testng.internal.TestMethodWorker.run(TestMethodWorker.java:128)
at java.util.ArrayList.forEach(ArrayList.java:1259)
at org.testng.TestRunner.privateRun(TestRunner.java:770)
at org.testng.TestRunner.run(TestRunner.java:591)
at org.testng.SuiteRunner.runTest(SuiteRunner.java:402)
at org.testng.SuiteRunner.runSequentially(SuiteRunner.java:396)
at org.testng.SuiteRunner.privateRun(SuiteRunner.java:355)
at org.testng.SuiteRunner.run(SuiteRunner.java:304)
at org.testng.SuiteRunnerWorker.runSuite(SuiteRunnerWorker.java:53)
at org.testng.SuiteRunnerWorker.run(SuiteRunnerWorker.java:96)
at org.testng.TestNG.runSuitesSequentially(TestNG.java:1180)
at org.testng.TestNG.runSuitesLocally(TestNG.java:1102)
at org.testng.TestNG.runSuites(TestNG.java:1032)
at org.testng.TestNG.run(TestNG.java:1000)
at org.testng.remote.AbstractRemoteTestNG.run(AbstractRemoteTestNG.java:115)
at org.testng.remote.RemoteTestNG.initAndRun(RemoteTestNG.java:251)
at org.testng.remote.RemoteTestNG.main(RemoteTestNG.java:77)
Caused by: org.openqa.selenium.NoSuchElementException: no such element: Unable to locate element: {"method":"xpath","selector":"//div[@class='ToastDiv']/h5"}
  (Session info: chrome=87.0.4280.66)
For documentation on this error, please visit: https://www.seleniumhq.org/exceptions/no_such_element.html
Build info: version: '3.141.59', revision: 'e82be7d358', time: '2018-11-14T08:17:03'
System info: host: 'DESKTOP-CSMSJ8J', ip: '192.168.100.53', os.name: 'Windows 10', os.arch: 'amd64', os.version: '10.0', java.version: '1.8.0_261'
Driver info: org.openqa.selenium.chrome.ChromeDriver
Capabilities {acceptInsecureCerts: false, browserName: chrome, browserVersion: 87.0.4280.66, chrome: {chromedriverVersion: 86.0.4240.22 (398b0743353ff..., userDataDir: C:\Users\92336\AppData\Loca...}, goog:chromeOptions: {debuggerAddress: localhost:57426}, javascriptEnabled: true, networkConnectionEnabled: false, pageLoadStrategy: normal, platform: WINDOWS, platformName: WINDOWS, proxy: Proxy(), setWindowRect: true, strictFileInteractability: false, timeouts: {implicit: 0, pageLoad: 300000, script: 30000}, unhandledPromptBehavior: dismiss and notify, webauthn:virtualAuthenticators: true}
Session ID: 46d41f101a524c5c64729a488d4e0b66
*** Element info: {Using=xpath, value=//div[@class='ToastDiv']/h5}
at sun.reflect.NativeConstructorAccessorImpl.newInstance0(Native Method)
at sun.reflect.NativeConstructorAccessorImpl.newInstance(NativeConstructorAccessorImpl.java:62)
at sun.reflect.DelegatingConstructorAccessorImpl.newInstance(DelegatingConstructorAccessorImpl.java:45)
at java.lang.reflect.Constructor.newInstance(Constructor.java:423)
at org.openqa.selenium.remote.http.W3CHttpResponseCodec.createException(W3CHttpResponseCodec.java:187)
at org.openqa.selenium.remote.http.W3CHttpResponseCodec.decode(W3CHttpResponseCodec.java:122)
at org.openqa.selenium.remote.http.W3CHttpResponseCodec.decode(W3CHttpResponseCodec.java:49)
at org.openqa.selenium.remote.HttpCommandExecutor.execute(HttpCommandExecutor.java:158)
at org.openqa.selenium.remote.service.DriverCommandExecutor.execute(DriverCommandExecutor.java:83)
at org.openqa.selenium.remote.RemoteWebDriver.execute(RemoteWebDriver.java:552)
at org.openqa.selenium.remote.RemoteWebDriver.findElement(RemoteWebDriver.java:323)
at org.openqa.selenium.remote.RemoteWebDriver.findElementByXPath(RemoteWebDriver.java:428)
at org.openqa.selenium.By$ByXPath.findElement(By.java:353)
at org.openqa.selenium.remote.RemoteWebDriver.findElement(RemoteWebDriver.java:315)
at org.openqa.selenium.support.pagefactory.DefaultElementLocator.findElement(DefaultElementLocator.java:69)
at org.openqa.selenium.support.pagefactory.internal.LocatingElementHandler.invoke(LocatingElementHandler.java:38)
at com.sun.proxy.$Proxy10.isDisplayed(Unknown Source)
at org.openqa.selenium.support.ui.ExpectedConditions.elementIfVisible(ExpectedConditions.java:314)
at org.openqa.selenium.support.ui.ExpectedConditions.access$000(ExpectedConditions.java:43)
at org.openqa.selenium.support.ui.ExpectedConditions$10.apply(ExpectedConditions.java:300)
at org.openqa.selenium.support.ui.ExpectedConditions$10.apply(ExpectedConditions.java:297)
at org.openqa.selenium.support.ui.FluentWait.until(FluentWait.java:249)
... 31 more
]]>
            </full-stacktrace>
          </exception> <!-- org.openqa.selenium.TimeoutException -->
          <reporter-output>
          </reporter-output>
        </test-method> <!-- Test_for_Invalid_login -->
        <test-method status="PASS" signature="valid_login(java.lang.String, java.lang.String)[pri:11, instance:com.em.testcases.LoginPage_TestCases@33cb5951]" name="valid_login" duration-ms="2176" started-at="2020-12-01T12:16:31 PKT" finished-at="2020-12-01T12:16:33 PKT">
          <params>
            <param index="0">
              <value>
                <![CDATA[zulfiqar]]>
              </value>
            </param>
            <param index="1">
              <value>
                <![CDATA[Us@12e34]]>
              </value>
            </param>
          </params>
          <reporter-output>
          </reporter-output>
        </test-method> <!-- valid_login -->
      </class> <!-- com.em.testcases.LoginPage_TestCases -->
    </test> <!-- New.test.Project -->
  </suite> <!-- Suite -->
</testng-results>
