<?xml version="1.0" encoding="UTF-8"?>
<!-- Generated by org.testng.reporters.JUnitXMLReporter -->
<testsuite ignored="4" hostname="DESKTOP-OAC4TPN" failures="1" tests="1" name="Default test" time="0.039" errors="0" timestamp="2020-11-10T11:37:19 PKT">
  <testcase classname="com.em.common.BrowsersFactory" name="@BeforeTest startBrowser" time="-1.604990239853E9">
    <failure type="org.testng.TestNGException" message="
Parameter &amp;apos;browser&amp;apos; is required by BeforeTest on method startBrowser but has not been marked @Optional or defined
in C:\Users\Zulfiqar Ali\AppData\Local\Temp\testng-eclipse--887741554\testng-customsuite.xml">
      <![CDATA[org.testng.TestNGException: 
Parameter 'browser' is required by BeforeTest on method startBrowser but has not been marked @Optional or defined
in C:\Users\Zulfiqar Ali\AppData\Local\Temp\testng-eclipse--887741554\testng-customsuite.xml
at org.testng.internal.Parameters.createParams(Parameters.java:268)
at org.testng.internal.Parameters.createParametersForMethod(Parameters.java:356)
at org.testng.internal.Parameters.createParameters(Parameters.java:700)
at org.testng.internal.Parameters.createConfigurationParameters(Parameters.java:166)
at org.testng.internal.ConfigInvoker.invokeConfigurations(ConfigInvoker.java:301)
at org.testng.TestRunner.invokeTestConfigurations(TestRunner.java:617)
at org.testng.TestRunner.beforeRun(TestRunner.java:607)
at org.testng.TestRunner.run(TestRunner.java:578)
at org.testng.SuiteRunner.runTest(SuiteRunner.java:384)
at org.testng.SuiteRunner.runSequentially(SuiteRunner.java:378)
at org.testng.SuiteRunner.privateRun(SuiteRunner.java:337)
at org.testng.SuiteRunner.run(SuiteRunner.java:286)
at org.testng.SuiteRunnerWorker.runSuite(SuiteRunnerWorker.java:53)
at org.testng.SuiteRunnerWorker.run(SuiteRunnerWorker.java:96)
at org.testng.TestNG.runSuitesSequentially(TestNG.java:1218)
at org.testng.TestNG.runSuitesLocally(TestNG.java:1140)
at org.testng.TestNG.runSuites(TestNG.java:1069)
at org.testng.TestNG.run(TestNG.java:1037)
at org.testng.remote.AbstractRemoteTestNG.run(AbstractRemoteTestNG.java:115)
at org.testng.remote.RemoteTestNG.initAndRun(RemoteTestNG.java:251)
at org.testng.remote.RemoteTestNG.main(RemoteTestNG.java:77)
]]>
    </failure>
  </testcase> <!-- @BeforeTest startBrowser -->
  <testcase classname="com.em.common.BrowsersFactory" name="@AfterTest afterMethod" time="-1.604990239883E9">
    <skipped/>
  </testcase> <!-- @AfterTest afterMethod -->
  <testcase classname="com.em.testcases.LoginPage_TestCases" name="Emerald_Lunched" time="0.0">
    <failure type="org.testng.TestNGException" message="
Parameter &amp;apos;URL&amp;apos; is required by @Test on method Emerald_Lunched but has not been marked @Optional or defined
in C:\Users\Zulfiqar Ali\AppData\Local\Temp\testng-eclipse--887741554\testng-customsuite.xml">
      <![CDATA[org.testng.TestNGException: 
Parameter 'URL' is required by @Test on method Emerald_Lunched but has not been marked @Optional or defined
in C:\Users\Zulfiqar Ali\AppData\Local\Temp\testng-eclipse--887741554\testng-customsuite.xml
at org.testng.internal.Parameters.createParams(Parameters.java:268)
at org.testng.internal.Parameters.createParametersForMethod(Parameters.java:356)
at org.testng.internal.Parameters.createParameters(Parameters.java:700)
at org.testng.internal.Parameters.handleParameters(Parameters.java:875)
at org.testng.internal.Parameters.handleParameters(Parameters.java:740)
at org.testng.internal.ParameterHandler.handleParameters(ParameterHandler.java:59)
at org.testng.internal.ParameterHandler.createParameters(ParameterHandler.java:38)
at org.testng.internal.TestInvoker$MethodInvocationAgent.invoke(TestInvoker.java:789)
at org.testng.internal.TestInvoker.invokeTestMethods(TestInvoker.java:147)
at org.testng.internal.TestMethodWorker.invokeTestMethods(TestMethodWorker.java:146)
at org.testng.internal.TestMethodWorker.run(TestMethodWorker.java:128)
at java.base/java.util.ArrayList.forEach(ArrayList.java:1510)
at org.testng.TestRunner.privateRun(TestRunner.java:764)
at org.testng.TestRunner.run(TestRunner.java:585)
at org.testng.SuiteRunner.runTest(SuiteRunner.java:384)
at org.testng.SuiteRunner.runSequentially(SuiteRunner.java:378)
at org.testng.SuiteRunner.privateRun(SuiteRunner.java:337)
at org.testng.SuiteRunner.run(SuiteRunner.java:286)
at org.testng.SuiteRunnerWorker.runSuite(SuiteRunnerWorker.java:53)
at org.testng.SuiteRunnerWorker.run(SuiteRunnerWorker.java:96)
at org.testng.TestNG.runSuitesSequentially(TestNG.java:1218)
at org.testng.TestNG.runSuitesLocally(TestNG.java:1140)
at org.testng.TestNG.runSuites(TestNG.java:1069)
at org.testng.TestNG.run(TestNG.java:1037)
at org.testng.remote.AbstractRemoteTestNG.run(AbstractRemoteTestNG.java:115)
at org.testng.remote.RemoteTestNG.initAndRun(RemoteTestNG.java:251)
at org.testng.remote.RemoteTestNG.main(RemoteTestNG.java:77)
]]>
    </failure>
  </testcase> <!-- Emerald_Lunched -->
  <testcase classname="com.em.testcases.LoginPage_TestCases" name="valid_login" time="0.0">
    <ignored/>
  </testcase> <!-- valid_login -->
  <testcase classname="com.em.testcases.LoginPage_TestCases" name="Test_Username_Text_isPresent" time="0.0">
    <ignored/>
  </testcase> <!-- Test_Username_Text_isPresent -->
  <testcase classname="com.em.testcases.LoginPage_TestCases" name="Test_Login_Logo_Text_isPresent" time="0.0">
    <ignored/>
  </testcase> <!-- Test_Login_Logo_Text_isPresent -->
  <testcase classname="com.em.testcases.LoginPage_TestCases" name="Test_Password_Text_isPresent" time="0.0">
    <ignored/>
  </testcase> <!-- Test_Password_Text_isPresent -->
</testsuite> <!-- Default test -->
