<?xml version="1.0" encoding="UTF-8"?>
<!-- Generated by org.testng.reporters.JUnitXMLReporter -->
<testsuite hostname="DESKTOP-CSMSJ8J" ignored="2" name="New.test.Project" tests="11" failures="1" timestamp="2020-12-01T12:16:33 PKT" time="294.386" errors="0">
  <testcase name="Emerald_Lunched" time="5.208" classname="com.em.testcases.LoginPage_TestCases"/>
  <testcase name="Test_Login_Logo_Text_isPresent" time="0.127" classname="com.em.testcases.LoginPage_TestCases"/>
  <testcase name="Test_Username_Text_isPresent" time="0.071" classname="com.em.testcases.LoginPage_TestCases"/>
  <testcase name="Test_Password_Text_isPresent" time="0.055" classname="com.em.testcases.LoginPage_TestCases"/>
  <testcase name="Click_LoginButton_without_usernamePaswword" time="6.6" classname="com.em.testcases.LoginPage_TestCases"/>
  <testcase name="Test_LoginButton" time="0.054" classname="com.em.testcases.LoginPage_TestCases"/>
  <testcase name="Test_Show_Hide_PasswordButton" time="0.549" classname="com.em.testcases.LoginPage_TestCases"/>
  <testcase name="Test_login_without_Username" time="5.267" classname="com.em.testcases.LoginPage_TestCases"/>
  <testcase name="Test_login_without_Password" time="5.233" classname="com.em.testcases.LoginPage_TestCases"/>
  <testcase name="Test_for_Invalid_login" time="242.144" classname="com.em.testcases.LoginPage_TestCases">
    <failure type="org.openqa.selenium.TimeoutException" message="Expected condition failed: waiting for visibility of Proxy element for: DefaultElementLocator &amp;apos;By.xpath: //div[@class=&amp;apos;ToastDiv&amp;apos;]/h5&amp;apos; (tried for 120 second(s) with 500 milliseconds interval)">
      <![CDATA[org.openqa.selenium.TimeoutException: Expected condition failed: waiting for visibility of Proxy element for: DefaultElementLocator 'By.xpath: //div[@class='ToastDiv']/h5' (tried for 120 second(s) with 500 milliseconds interval)
at org.openqa.selenium.support.ui.WebDriverWait.timeoutException(WebDriverWait.java:95)
at org.openqa.selenium.support.ui.FluentWait.until(FluentWait.java:272)
at com.em.common.HelperMethods.presenceOfElement(HelperMethods.java:81)
at com.em.locators.LoginPage_Locators.getToasterErrormessage(LoginPage_Locators.java:130)
at com.em.testcases.LoginPage_TestCases.Test_for_Invalid_login(LoginPage_TestCases.java:130)
at java.util.ArrayList.forEach(ArrayList.java:1259)
Caused by: org.openqa.selenium.NoSuchElementException: no such element: Unable to locate element: {"method":"xpath","selector":"//div[@class='ToastDiv']/h5"}
  (Session info: chrome=87.0.4280.66)
For documentation on this error, please visit: https://www.seleniumhq.org/exceptions/no_such_element.html
Build info: version: '3.141.59', revision: 'e82be7d358', time: '2018-11-14T08:17:03'
System info: host: 'DESKTOP-CSMSJ8J', ip: '192.168.100.53', os.name: 'Windows 10', os.arch: 'amd64', os.version: '10.0', java.version: '1.8.0_261'
Driver info: org.openqa.selenium.chrome.ChromeDriver
Capabilities {acceptInsecureCerts: false, browserName: chrome, browserVersion: 87.0.4280.66, chrome: {chromedriverVersion: 86.0.4240.22 (398b0743353ff..., userDataDir: C:\Users\92336\AppData\Loca...}, goog:chromeOptions: {debuggerAddress: localhost:57426}, javascriptEnabled: true, networkConnectionEnabled: false, pageLoadStrategy: normal, platform: WINDOWS, platformName: WINDOWS, proxy: Proxy(), setWindowRect: true, strictFileInteractability: false, timeouts: {implicit: 0, pageLoad: 300000, script: 30000}, unhandledPromptBehavior: dismiss and notify, webauthn:virtualAuthenticators: true}
Session ID: 46d41f101a524c5c64729a488d4e0b66
*** Element info: {Using=xpath, value=//div[@class='ToastDiv']/h5}
at org.openqa.selenium.remote.http.W3CHttpResponseCodec.createException(W3CHttpResponseCodec.java:187)
at org.openqa.selenium.remote.http.W3CHttpResponseCodec.decode(W3CHttpResponseCodec.java:122)
at org.openqa.selenium.remote.http.W3CHttpResponseCodec.decode(W3CHttpResponseCodec.java:49)
at org.openqa.selenium.remote.HttpCommandExecutor.execute(HttpCommandExecutor.java:158)
at org.openqa.selenium.remote.service.DriverCommandExecutor.execute(DriverCommandExecutor.java:83)
at org.openqa.selenium.remote.RemoteWebDriver.execute(RemoteWebDriver.java:552)
at org.openqa.selenium.remote.RemoteWebDriver.findElement(RemoteWebDriver.java:323)
at org.openqa.selenium.remote.RemoteWebDriver.findElementByXPath(RemoteWebDriver.java:428)
at org.openqa.selenium.By$ByXPath.findElement(By.java:353)
at org.openqa.selenium.remote.RemoteWebDriver.findElement(RemoteWebDriver.java:315)
at org.openqa.selenium.support.pagefactory.DefaultElementLocator.findElement(DefaultElementLocator.java:69)
at org.openqa.selenium.support.pagefactory.internal.LocatingElementHandler.invoke(LocatingElementHandler.java:38)
at com.sun.proxy.$Proxy10.isDisplayed(Unknown Source)
at org.openqa.selenium.support.ui.ExpectedConditions.elementIfVisible(ExpectedConditions.java:314)
at org.openqa.selenium.support.ui.ExpectedConditions.access$000(ExpectedConditions.java:43)
at org.openqa.selenium.support.ui.ExpectedConditions$10.apply(ExpectedConditions.java:300)
at org.openqa.selenium.support.ui.ExpectedConditions$10.apply(ExpectedConditions.java:297)
at org.openqa.selenium.support.ui.FluentWait.until(FluentWait.java:249)
... 31 more
... Removed 31 stack frames]]>
    </failure>
  </testcase> <!-- Test_for_Invalid_login -->
  <testcase name="valid_login" time="2.176" classname="com.em.testcases.LoginPage_TestCases"/>
  <testcase name="@BeforeTest startBrowser" time="0.0" classname="com.em.common.BrowsersFactory">
    <ignored/>
  </testcase> <!-- @BeforeTest startBrowser -->
  <testcase name="@AfterTest afterMethod" time="0.0" classname="com.em.common.BrowsersFactory">
    <ignored/>
  </testcase> <!-- @AfterTest afterMethod -->
</testsuite> <!-- New.test.Project -->
